<?xml version="1.0" encoding="UTF-8"?>
<!-- Generated by org.testng.reporters.JUnitReportReporter -->
<testsuite skipped="0" hostname="DESKTOP-M021GP2" name="lesson22.CheapoairTest" tests="1" failures="0" timestamp="2023-06-07T21:24:48 EDT" time="12.383" errors="0">
  <testcase name="testFlightOrder" time="12.383" classname="lesson22.CheapoairTest"/>
  <system-out/>
</testsuite> <!-- lesson22.CheapoairTest -->
