<?xml version="1.0" encoding="UTF-8"?>
<!-- Generated by org.testng.reporters.JUnitReportReporter -->
<testsuite skipped="0" hostname="DESKTOP-M021GP2" name="css_selector.CssDemo" tests="1" failures="0" timestamp="2023-05-31T20:23:17 EDT" time="8.077" errors="0">
  <testcase name="test1" time="8.077" classname="css_selector.CssDemo"/>
  <system-out/>
</testsuite> <!-- css_selector.CssDemo -->
