<?xml version="1.0" encoding="UTF-8"?>
<!-- Generated by org.testng.reporters.JUnitReportReporter -->
<testsuite skipped="0" hostname="DESKTOP-M021GP2" name="lesson23.HandleWindows" tests="1" failures="0" timestamp="2023-06-12T21:33:42 EDT" time="9.158" errors="0">
  <testcase name="testWindows" time="9.158" classname="lesson23.HandleWindows"/>
  <system-out/>
</testsuite> <!-- lesson23.HandleWindows -->
