<?xml version="1.0" encoding="UTF-8"?>
<!-- Generated by org.testng.reporters.JUnitReportReporter -->
<testsuite skipped="0" hostname="DESKTOP-M021GP2" name="parameter_demo.TestngParameters1" tests="2" failures="0" timestamp="2023-06-05T21:07:36 EDT" time="0.011" errors="0">
  <testcase name="testWithParams" time="0.010" classname="parameter_demo.TestngParameters1"/>
  <system-out/>
  <testcase name="testWithParams2" time="0.001" classname="parameter_demo.TestngParameters1"/>
  <system-out/>
</testsuite> <!-- parameter_demo.TestngParameters1 -->
