<?xml version="1.0" encoding="UTF-8"?>
<!-- Generated by org.testng.reporters.JUnitReportReporter -->
<testsuite skipped="0" hostname="DESKTOP-M021GP2" name="demo_testng.OnlineMarket" tests="5" failures="0" timestamp="2023-06-05T20:53:36 EDT" time="0.012" errors="0">
  <testcase name="testB2" time="0.001" classname="demo_testng.OnlineMarket"/>
  <system-out/>
  <testcase name="testB5" time="0.001" classname="demo_testng.OnlineMarket"/>
  <system-out/>
  <testcase name="testB1" time="0.007" classname="demo_testng.OnlineMarket"/>
  <system-out/>
  <testcase name="testB4" time="0.001" classname="demo_testng.OnlineMarket"/>
  <system-out/>
  <testcase name="testB3" time="0.002" classname="demo_testng.OnlineMarket"/>
  <system-out/>
</testsuite> <!-- demo_testng.OnlineMarket -->
