<?xml version="1.0" encoding="UTF-8"?>
<!-- Generated by org.testng.reporters.JUnitReportReporter -->
<testsuite skipped="0" hostname="DESKTOP-M021GP2" name="parameter_demo.RunningWithDataSets" tests="6" failures="0" timestamp="2023-06-05T21:32:00 EDT" time="0.012" errors="0">
  <testcase name="testWithParams" time="0.001" classname="parameter_demo.RunningWithDataSets"/>
  <system-out/>
  <testcase name="testWithParams" time="0.000" classname="parameter_demo.RunningWithDataSets"/>
  <system-out/>
  <testcase name="testWithParams" time="0.001" classname="parameter_demo.RunningWithDataSets"/>
  <system-out/>
  <testcase name="testWithParams" time="0.001" classname="parameter_demo.RunningWithDataSets"/>
  <system-out/>
  <testcase name="testWithParams" time="0.001" classname="parameter_demo.RunningWithDataSets"/>
  <system-out/>
  <testcase name="testWithParams" time="0.008" classname="parameter_demo.RunningWithDataSets"/>
  <system-out/>
</testsuite> <!-- parameter_demo.RunningWithDataSets -->
