<?xml version="1.0" encoding="UTF-8"?>
<!-- Generated by org.testng.reporters.JUnitReportReporter -->
<testsuite skipped="0" hostname="DESKTOP-M021GP2" name="lesson23.HandleFrames" tests="1" failures="0" timestamp="2023-06-12T21:12:56 EDT" time="8.424" errors="0">
  <testcase name="frameTest" time="8.424" classname="lesson23.HandleFrames"/>
  <system-out/>
</testsuite> <!-- lesson23.HandleFrames -->
